<?xml version="1.0" encoding="UTF-8"?>
<!-- Generated by org.testng.reporters.JUnitReportReporter -->
<testsuite hostname="LAPTOP-56NTT3S9" failures="0" tests="1" name="httpRequests.GetRequestExamples" time="2.732" errors="0" timestamp="2024-04-16T17:58:47 IST" skipped="0">
  <testcase classname="httpRequests.GetRequestExamples" name="testGet" time="2.732"/>
  <system-out/>
</testsuite> <!-- httpRequests.GetRequestExamples -->
