<?xml version="1.0" encoding="UTF-8"?>
<!-- Generated by org.testng.reporters.JUnitReportReporter -->
<testsuite hostname="LAPTOP-56NTT3S9" failures="0" tests="1" name="httpRequests.GetRequestTests" time="1.752" errors="0" timestamp="2024-04-16T16:32:04 IST" skipped="0">
  <testcase classname="httpRequests.GetRequestTests" name="validateBasicGetRequest" time="1.752"/>
  <system-out/>
</testsuite> <!-- httpRequests.GetRequestTests -->
