<?xml version="1.0" encoding="UTF-8"?>
<!-- Generated by org.testng.reporters.JUnitReportReporter -->
<testsuite hostname="LAPTOP-56NTT3S9" failures="0" tests="1" name="SoapRequests.SoapMultiplyRequest" time="2.557" errors="0" timestamp="2024-04-19T14:51:24 IST" skipped="0">
  <testcase classname="SoapRequests.SoapMultiplyRequest" name="validateMultiplication" time="2.557"/>
  <system-out/>
</testsuite> <!-- SoapRequests.SoapMultiplyRequest -->
