<?xml version="1.0" encoding="UTF-8"?>
<!-- Generated by org.testng.reporters.JUnitReportReporter -->
<testsuite hostname="LAPTOP-56NTT3S9" failures="0" tests="1" name="httpRequests.PutRequestExamples" time="3.426" errors="0" timestamp="2024-04-16T22:21:41 IST" skipped="0">
  <testcase classname="httpRequests.PutRequestExamples" name="put" time="3.426"/>
  <system-out/>
</testsuite> <!-- httpRequests.PutRequestExamples -->
