<?xml version="1.0" encoding="UTF-8"?>
<!-- Generated by org.testng.reporters.JUnitReportReporter -->
<testsuite hostname="LAPTOP-56NTT3S9" failures="0" tests="1" name="httpRequests.DeleteRequestExample" time="2.629" errors="0" timestamp="2024-04-16T22:38:20 IST" skipped="0">
  <testcase classname="httpRequests.DeleteRequestExample" name="Delete" time="2.629"/>
  <system-out/>
</testsuite> <!-- httpRequests.DeleteRequestExample -->
