<?xml version="1.0" encoding="UTF-8"?>
<!-- Generated by org.testng.reporters.JUnitReportReporter -->
<testsuite hostname="LAPTOP-56NTT3S9" failures="0" tests="1" name="httpRequests.GetRequestTests" time="2.947" errors="0" timestamp="2024-04-16T17:54:39 IST" skipped="0">
  <testcase classname="httpRequests.GetRequestTests" name="validateBasicGetRequest" time="2.947"/>
  <system-out/>
</testsuite> <!-- httpRequests.GetRequestTests -->
