<?xml version="1.0" encoding="UTF-8"?>
<!-- Generated by org.testng.reporters.JUnitReportReporter -->
<testsuite hostname="LAPTOP-56NTT3S9" failures="0" tests="1" name="httpRequests.JSONSchemaValidation" time="2.388" errors="0" timestamp="2024-04-18T21:49:01 IST" skipped="0">
  <testcase classname="httpRequests.JSONSchemaValidation" name="testGet" time="2.388"/>
  <system-out/>
</testsuite> <!-- httpRequests.JSONSchemaValidation -->
