<?xml version="1.0" encoding="UTF-8"?>
<!-- Generated by org.testng.reporters.JUnitReportReporter -->
<testsuite hostname="LAPTOP-56NTT3S9" failures="0" tests="1" name="httpRequests.SoapXmlRequestvalidation" time="2.040" errors="0" timestamp="2024-04-19T13:24:27 IST" skipped="0">
  <testcase classname="httpRequests.SoapXmlRequestvalidation" name="validateSoapXML" time="2.040"/>
  <system-out/>
</testsuite> <!-- httpRequests.SoapXmlRequestvalidation -->
