<?xml version="1.0" encoding="UTF-8"?>
<!-- Generated by org.testng.reporters.JUnitReportReporter -->
<testsuite hostname="LAPTOP-56NTT3S9" failures="0" tests="1" name="SoapRequests.SoapXmlRequestvalidation" time="2.733" errors="0" timestamp="2024-04-19T14:49:29 IST" skipped="0">
  <testcase classname="SoapRequests.SoapXmlRequestvalidation" name="validateSoapXML" time="2.733"/>
  <system-out/>
</testsuite> <!-- SoapRequests.SoapXmlRequestvalidation -->
