<?xml version="1.0" encoding="UTF-8"?>
<!-- Generated by org.testng.reporters.JUnitReportReporter -->
<testsuite hostname="LAPTOP-56NTT3S9" failures="0" tests="1" name="weatherAPI.TestingweatherAPI" time="1.804" errors="0" timestamp="2024-04-19T20:17:04 IST" skipped="0">
  <testcase classname="weatherAPI.TestingweatherAPI" name="test" time="1.804"/>
  <system-out/>
</testsuite> <!-- weatherAPI.TestingweatherAPI -->
