<?xml version="1.0" encoding="UTF-8"?>
<!-- Generated by org.testng.reporters.JUnitReportReporter -->
<testsuite hostname="LAPTOP-56NTT3S9" failures="0" tests="1" name="httpRequests.PatchRequestExamples" time="3.324" errors="0" timestamp="2024-04-16T22:23:23 IST" skipped="0">
  <testcase classname="httpRequests.PatchRequestExamples" name="patch" time="3.324"/>
  <system-out/>
</testsuite> <!-- httpRequests.PatchRequestExamples -->
