<?xml version="1.0" encoding="UTF-8"?>
<!-- Generated by org.testng.reporters.JUnitReportReporter -->
<testsuite hostname="LAPTOP-56NTT3S9" failures="0" tests="2" name="DataDrivenTesting.DataProviderTest" time="4.285" errors="0" timestamp="2024-04-20T18:38:14 IST" skipped="0">
  <testcase classname="DataDrivenTesting.DataProviderTest" name="testPost" time="0.706"/>
  <system-out/>
  <testcase classname="DataDrivenTesting.DataProviderTest" name="testPost" time="3.579"/>
  <system-out/>
</testsuite> <!-- DataDrivenTesting.DataProviderTest -->
