<?xml version="1.0" encoding="UTF-8"?>
<!-- Generated by org.testng.reporters.JUnitReportReporter -->
<testsuite hostname="LAPTOP-56NTT3S9" failures="0" tests="1" name="httpRequests.PostRequestExamples" time="3.203" errors="0" timestamp="2024-04-16T19:16:11 IST" skipped="0">
  <testcase classname="httpRequests.PostRequestExamples" name="testPOST" time="3.203"/>
  <system-out/>
</testsuite> <!-- httpRequests.PostRequestExamples -->
